1681475131184	geckodriver	INFO	Listening on 127.0.0.1:52475
1681475134238	mozrunner::runner	INFO	Running command: "C:\\Program Files\\Mozilla Firefox\\firefox.exe" "--marionette" "-headless" "--remote-debugging-port" "52476" "--remote-allow-hosts" "localhost" "-no-remote" "-profile" "C:\\Users\\ingbg\\AppData\\Local\\Temp\\rust_mozprofilehRQNEe"
*** You are running in headless mode.
console.warn: services.settings: Ignoring preference override of remote settings server
console.warn: services.settings: Allow by setting MOZ_REMOTE_SETTINGS_DEVTOOLS=1 in the environment
1681475134651	Marionette	INFO	Marionette enabled
Dynamically enable window occlusion 0
1681475134658	Marionette	INFO	Listening on port 52489
Read port: 52489
WebDriver BiDi listening on ws://127.0.0.1:52476
1681475134780	RemoteAgent	WARN	TLS certificate errors will be ignored for this session
[GFX1-]: RenderCompositorSWGL failed mapping default framebuffer, no dt
console.warn: SearchSettings: "get: No settings file exists, new profile?" (new NotFoundError("Could not open the file at C:\\Users\\ingbg\\AppData\\Local\\Temp\\rust_mozprofilehRQNEe\\search.json.mozlz4", (void 0)))
console.error: ({})
DevTools listening on ws://127.0.0.1:52476/devtools/browser/7347c90f-813d-4976-a31f-132e6332a206
1681475869510	geckodriver	INFO	Listening on 127.0.0.1:53151
1681475872555	mozrunner::runner	INFO	Running command: "C:\\Program Files\\Mozilla Firefox\\firefox.exe" "--marionette" "-headless" "--remote-debugging-port" "53152" "--remote-allow-hosts" "localhost" "-no-remote" "-profile" "C:\\Users\\ingbg\\AppData\\Local\\Temp\\rust_mozprofile6IeQrd"
*** You are running in headless mode.
console.warn: services.settings: Ignoring preference override of remote settings server
console.warn: services.settings: Allow by setting MOZ_REMOTE_SETTINGS_DEVTOOLS=1 in the environment
1681475872865	Marionette	INFO	Marionette enabled
Dynamically enable window occlusion 0
1681475872870	Marionette	INFO	Listening on port 53161
Read port: 53161
WebDriver BiDi listening on ws://127.0.0.1:53152
1681475872975	RemoteAgent	WARN	TLS certificate errors will be ignored for this session
[GFX1-]: RenderCompositorSWGL failed mapping default framebuffer, no dt
console.warn: SearchSettings: "get: No settings file exists, new profile?" (new NotFoundError("Could not open the file at C:\\Users\\ingbg\\AppData\\Local\\Temp\\rust_mozprofile6IeQrd\\search.json.mozlz4", (void 0)))
console.error: ({})
DevTools listening on ws://127.0.0.1:53152/devtools/browser/ba831024-1a1e-4414-806f-c2c3ba461656
JavaScript error: , line 0: NS_ERROR_NOT_AVAILABLE
1681822694823	geckodriver	INFO	Listening on 127.0.0.1:59899
1681822697906	mozrunner::runner	INFO	Running command: "C:\\Program Files\\Mozilla Firefox\\firefox.exe" "--marionette" "-headless" "--remote-debugging-port" "59900" "--remote-allow-hosts" "localhost" "-no-remote" "-profile" "C:\\Users\\ingbg\\AppData\\Local\\Temp\\rust_mozprofilevs13Re"
*** You are running in headless mode.
console.warn: services.settings: Ignoring preference override of remote settings server
console.warn: services.settings: Allow by setting MOZ_REMOTE_SETTINGS_DEVTOOLS=1 in the environment
1681822698349	Marionette	INFO	Marionette enabled
Dynamically enable window occlusion 0
1681822698356	Marionette	INFO	Listening on port 59909
WebDriver BiDi listening on ws://127.0.0.1:59900
Read port: 59909
1681822698634	RemoteAgent	WARN	TLS certificate errors will be ignored for this session
[GFX1-]: RenderCompositorSWGL failed mapping default framebuffer, no dt
console.warn: SearchSettings: "get: No settings file exists, new profile?" (new NotFoundError("Could not open the file at C:\\Users\\ingbg\\AppData\\Local\\Temp\\rust_mozprofilevs13Re\\search.json.mozlz4", (void 0)))
console.error: ({})
DevTools listening on ws://127.0.0.1:59900/devtools/browser/78adcce4-d8f2-439f-9879-d63017c669ef
JavaScript error: , line 0: NS_ERROR_NOT_AVAILABLE
1681824446508	geckodriver	INFO	Listening on 127.0.0.1:61278
1681824449561	mozrunner::runner	INFO	Running command: "C:\\Program Files\\Mozilla Firefox\\firefox.exe" "--marionette" "-headless" "--remote-debugging-port" "61279" "--remote-allow-hosts" "localhost" "-no-remote" "-profile" "C:\\Users\\ingbg\\AppData\\Local\\Temp\\rust_mozprofileNhiRY8"
*** You are running in headless mode.
console.warn: services.settings: Ignoring preference override of remote settings server
console.warn: services.settings: Allow by setting MOZ_REMOTE_SETTINGS_DEVTOOLS=1 in the environment
1681824449829	Marionette	INFO	Marionette enabled
Dynamically enable window occlusion 0
1681824449833	Marionette	INFO	Listening on port 61289
WebDriver BiDi listening on ws://127.0.0.1:61279
Read port: 61289
1681824450002	RemoteAgent	WARN	TLS certificate errors will be ignored for this session
[GFX1-]: RenderCompositorSWGL failed mapping default framebuffer, no dt
console.warn: SearchSettings: "get: No settings file exists, new profile?" (new NotFoundError("Could not open the file at C:\\Users\\ingbg\\AppData\\Local\\Temp\\rust_mozprofileNhiRY8\\search.json.mozlz4", (void 0)))
console.error: ({})
DevTools listening on ws://127.0.0.1:61279/devtools/browser/5b4745c4-ec91-4452-8e57-c4a784d36427
